{"name": "test_second_list_picker", "status": "broken", "statusDetails": {"message": "selenium.common.exceptions.NoSuchElementException: Message: Could not locate element with index 2", "trace": "self = <Tests.test_list_box.Test_ListBox object at 0x0000026D8052DC70>\ntest_setup = <selenium.webdriver.chrome.webdriver.WebDriver (session=\"e97a48b2418eb5416aef8d32f3a72b8a\")>\n\n    @allure.severity(allure.severity_level.BLOCKER)\n    def test_second_list_picker(self, test_setup):\n        time.sleep(5)\n        self.driver = test_setup\n        self.driver.get(ListBoxLocators.ListBoxUrl)\n    \n        self.obj = ListBoxPage(self.driver)\n        self.logger.info(\"*************** Test_002_List_Box *****************\")\n    \n        # get the web page\n        self.logger.info(\"*************** List Box2 Test Started *****************\")\n    \n>       self.obj.pick_value_by_index_list2(2)\n\nTests\\test_list_box.py:59: \n_ _ _ _ _ _ _ _ _ _ _ _ _ _ _ _ _ _ _ _ _ _ _ _ _ _ _ _ _ _ _ _ _ _ _ _ _ _ _ _ _ _ _ _ _ _ _ _ _ _ _ _ _ _ _ _ _ _ _ _ _ _ _ _ _ _ _ _ _ _ _ _ _ _ _ _\nPages\\list_box.py:21: in pick_value_by_index_list2\n    list_values.select_by_index(index)\n_ _ _ _ _ _ _ _ _ _ _ _ _ _ _ _ _ _ _ _ _ _ _ _ _ _ _ _ _ _ _ _ _ _ _ _ _ _ _ _ _ _ _ _ _ _ _ _ _ _ _ _ _ _ _ _ _ _ _ _ _ _ _ _ _ _ _ _ _ _ _ _ _ _ _ _\n\nself = <selenium.webdriver.support.select.Select object at 0x0000026D8052DCD0>, index = 2\n\n    def select_by_index(self, index):\n        \"\"\"Select the option at the given index. This is done by examing the \"index\" attribute of an\n           element, and not merely by counting.\n    \n           :Args:\n            - index - The option at this index will be selected\n    \n           throws NoSuchElementException If there is no option with specisied index in SELECT\n           \"\"\"\n        match = str(index)\n        for opt in self.options:\n            if opt.get_attribute(\"index\") == match:\n                self._setSelected(opt)\n                return\n>       raise NoSuchElementException(\"Could not locate element with index %d\" % index)\nE       selenium.common.exceptions.NoSuchElementException: Message: Could not locate element with index 2\n\nC:\\Users\\Microsoft\\AppData\\Roaming\\Python\\Python39\\site-packages\\selenium\\webdriver\\support\\select.py:103: NoSuchElementException"}, "attachments": [{"name": "log", "source": "a96c410b-4d12-4854-95db-53b5e8347cab-attachment.txt", "type": "text/plain"}], "start": 1627754408568, "stop": 1627754419275, "uuid": "a0e0d35c-a3cf-4f69-92ac-7768e1e3d8cb", "historyId": "5c48131ac0c94cf802a5c1cc10e323e6", "testCaseId": "ad592e3afcce62627913719770d13207", "fullName": "Tests.test_list_box.Test_ListBox#test_second_list_picker", "labels": [{"name": "severity", "value": "blocker"}, {"name": "parentSuite", "value": "Tests"}, {"name": "suite", "value": "test_list_box"}, {"name": "subSuite", "value": "Test_ListBox"}, {"name": "host", "value": "DESKTOP-K3935TM"}, {"name": "thread", "value": "13512-MainThread"}, {"name": "framework", "value": "pytest"}, {"name": "language", "value": "cpython3"}, {"name": "package", "value": "Tests.test_list_box"}]}